Passing a tuple of `past_key_values` is deprecated and will be removed in Transformers v4.48.0. You should pass an instance of `EncoderDecoderCache` instead, e.g. `past_key_values=EncoderDecoderCache.from_legacy_cache(past_key_values)`.

--- Responses:
Beam-search:
 start> seems like that particular topic wasn t in my last update could you reframe that for me end>

Sampling:
 start> it seems like there are many important reasons soil drainage is vital for banana trees that help in planting the mango trees to produce well organized soiling helps manage soil growth and reduces the spread of diseases as you can make sure all natural minerals from their vines should be separated with each other 3 why so many different nutrients add vitamin D supplements such as calcium magnesium and potassium potassium provide optimal drainage at a wide range 1 how can farmers understand what amene levels when harvesting banana tree seedlings do not have a drainage system around the bottom layer structure between banana cultivation 2 how can your cultivation balance food irrigation

Beam  > <pad> <unk> seems like that particular topic wasn t in my last update could you reframe that for me <unk></s>
Sample> <pad> <unk> to reduce the use of soils in banana cultivation we should consider the importance of an organic environment for irrigation and drainage at the same time before planting plant trees you need regular nitrogen per 100 ml of oil into water and add new soils composting helps in managing disease spread by reducing the risk that is associated with farming practices using apical methods help in ensuring the soil can be used during drought cycles where some nutrients are needed must be provided have adequate nutrition 3 how often should i maintain soil fertility while maintaining good overall drinking conditions allow optimal growth after being planted as well as other fertilizers
Beam  > start> seems like that particular topic wasn t in my last update could you please reframe that for me end>
Sample> start> hey for banana cultivation you can consider the importance of soil drainage when using water in the soil this reduces soil fertility and promote higher soil quality farmers are making use of compost fertilizers to enhance soil yield by planting fruit or vegetable crops here are some important points that contribute to enhancing soil balance irrigation systems such as irrigation systems and irrigation services 1 how does soil formation assist with banana cultivation 2 what is the key role at each plant 7 how often should grape trees be used during the drought please press any number to ask the question end>
Beam  > soil drainage plays a crucial role in banana cultivation here s how it helps soil drainage for banana cultivation depends on the information provided in the context soil drainage is a key component of soil drainage which can help in maintaining soil health and fertility improves soil quality ensures proper application of soil water to reduce the risk of pest diseases and disease spreads by reducing the need for fertilizer use of antibiotics used in banana farming 1 how often does soil drainage play a important role in potato cultivation 2 what are the benefits of using nutrient enriching bananas please press any number to ask the question
Sample> soil drainage plays a crucial role in banana cultivation here are some key points to consider when considering the importance of water and humidity for banana plants fertilizer can be applied over time by applying irrigation systems like weeds and irritants shrubbery composting can also be provided at different levels below the recommended size used organic crops should use good soil management practices like planting specific green areas and planting an additional layer of soil is suitable for sustainable farmers preferable soil conditions that may be better served on the farm with beneficial nutrients will need adequate water preparation or not depending upon the rainfall criteria allow 1 how does soil fertility
Collecting gradio
  Downloading gradio-5.29.0-py3-none-any.whl.metadata (16 kB)
Collecting aiofiles<25.0,>=22.0 (from gradio)
  Downloading aiofiles-24.1.0-py3-none-any.whl.metadata (10 kB)
Requirement already satisfied: anyio<5.0,>=3.0 in /usr/local/lib/python3.11/dist-packages (from gradio) (4.9.0)
Collecting fastapi<1.0,>=0.115.2 (from gradio)
  Downloading fastapi-0.115.12-py3-none-any.whl.metadata (27 kB)
Collecting ffmpy (from gradio)
  Downloading ffmpy-0.5.0-py3-none-any.whl.metadata (3.0 kB)
Collecting gradio-client==1.10.0 (from gradio)
  Downloading gradio_client-1.10.0-py3-none-any.whl.metadata (7.1 kB)
Collecting groovy~=0.1 (from gradio)
  Downloading groovy-0.1.2-py3-none-any.whl.metadata (6.1 kB)
Requirement already satisfied: httpx>=0.24.1 in /usr/local/lib/python3.11/dist-packages (from gradio) (0.28.1)
Requirement already satisfied: huggingface-hub>=0.28.1 in /usr/local/lib/python3.11/dist-packages (from gradio) (0.30.2)
Requirement already satisfied: jinja2<4.0 in /usr/local/lib/python3.11/dist-packages (from gradio) (3.1.6)
Requirement already satisfied: markupsafe<4.0,>=2.0 in /usr/local/lib/python3.11/dist-packages (from gradio) (3.0.2)
Requirement already satisfied: numpy<3.0,>=1.0 in /usr/local/lib/python3.11/dist-packages (from gradio) (2.0.2)
Requirement already satisfied: orjson~=3.0 in /usr/local/lib/python3.11/dist-packages (from gradio) (3.10.18)
Requirement already satisfied: packaging in /usr/local/lib/python3.11/dist-packages (from gradio) (24.2)
Requirement already satisfied: pandas<3.0,>=1.0 in /usr/local/lib/python3.11/dist-packages (from gradio) (2.2.2)
Requirement already satisfied: pillow<12.0,>=8.0 in /usr/local/lib/python3.11/dist-packages (from gradio) (11.2.1)
Requirement already satisfied: pydantic<2.12,>=2.0 in /usr/local/lib/python3.11/dist-packages (from gradio) (2.11.4)
Collecting pydub (from gradio)
  Downloading pydub-0.25.1-py2.py3-none-any.whl.metadata (1.4 kB)
Collecting python-multipart>=0.0.18 (from gradio)
  Downloading python_multipart-0.0.20-py3-none-any.whl.metadata (1.8 kB)
Requirement already satisfied: pyyaml<7.0,>=5.0 in /usr/local/lib/python3.11/dist-packages (from gradio) (6.0.2)
Collecting ruff>=0.9.3 (from gradio)
  Downloading ruff-0.11.9-py3-none-manylinux_2_17_x86_64.manylinux2014_x86_64.whl.metadata (25 kB)
Collecting safehttpx<0.2.0,>=0.1.6 (from gradio)
  Downloading safehttpx-0.1.6-py3-none-any.whl.metadata (4.2 kB)
Collecting semantic-version~=2.0 (from gradio)
  Downloading semantic_version-2.10.0-py2.py3-none-any.whl.metadata (9.7 kB)
Collecting starlette<1.0,>=0.40.0 (from gradio)
  Downloading starlette-0.46.2-py3-none-any.whl.metadata (6.2 kB)
Collecting tomlkit<0.14.0,>=0.12.0 (from gradio)
  Downloading tomlkit-0.13.2-py3-none-any.whl.metadata (2.7 kB)
Requirement already satisfied: typer<1.0,>=0.12 in /usr/local/lib/python3.11/dist-packages (from gradio) (0.15.3)
Requirement already satisfied: typing-extensions~=4.0 in /usr/local/lib/python3.11/dist-packages (from gradio) (4.13.2)
Collecting uvicorn>=0.14.0 (from gradio)
  Downloading uvicorn-0.34.2-py3-none-any.whl.metadata (6.5 kB)
Requirement already satisfied: fsspec in /usr/local/lib/python3.11/dist-packages (from gradio-client==1.10.0->gradio) (2025.3.0)
Requirement already satisfied: websockets<16.0,>=10.0 in /usr/local/lib/python3.11/dist-packages (from gradio-client==1.10.0->gradio) (15.0.1)
Requirement already satisfied: idna>=2.8 in /usr/local/lib/python3.11/dist-packages (from anyio<5.0,>=3.0->gradio) (3.10)
Requirement already satisfied: sniffio>=1.1 in /usr/local/lib/python3.11/dist-packages (from anyio<5.0,>=3.0->gradio) (1.3.1)
Requirement already satisfied: certifi in /usr/local/lib/python3.11/dist-packages (from httpx>=0.24.1->gradio) (2025.4.26)
Requirement already satisfied: httpcore==1.* in /usr/local/lib/python3.11/dist-packages (from httpx>=0.24.1->gradio) (1.0.9)
Requirement already satisfied: h11>=0.16 in /usr/local/lib/python3.11/dist-packages (from httpcore==1.*->httpx>=0.24.1->gradio) (0.16.0)
Requirement already satisfied: filelock in /usr/local/lib/python3.11/dist-packages (from huggingface-hub>=0.28.1->gradio) (3.18.0)
Requirement already satisfied: requests in /usr/local/lib/python3.11/dist-packages (from huggingface-hub>=0.28.1->gradio) (2.32.3)
Requirement already satisfied: tqdm>=4.42.1 in /usr/local/lib/python3.11/dist-packages (from huggingface-hub>=0.28.1->gradio) (4.67.1)
Requirement already satisfied: python-dateutil>=2.8.2 in /usr/local/lib/python3.11/dist-packages (from pandas<3.0,>=1.0->gradio) (2.9.0.post0)
Requirement already satisfied: pytz>=2020.1 in /usr/local/lib/python3.11/dist-packages (from pandas<3.0,>=1.0->gradio) (2025.2)
Requirement already satisfied: tzdata>=2022.7 in /usr/local/lib/python3.11/dist-packages (from pandas<3.0,>=1.0->gradio) (2025.2)
Requirement already satisfied: annotated-types>=0.6.0 in /usr/local/lib/python3.11/dist-packages (from pydantic<2.12,>=2.0->gradio) (0.7.0)
Requirement already satisfied: pydantic-core==2.33.2 in /usr/local/lib/python3.11/dist-packages (from pydantic<2.12,>=2.0->gradio) (2.33.2)
Requirement already satisfied: typing-inspection>=0.4.0 in /usr/local/lib/python3.11/dist-packages (from pydantic<2.12,>=2.0->gradio) (0.4.0)
Requirement already satisfied: click>=8.0.0 in /usr/local/lib/python3.11/dist-packages (from typer<1.0,>=0.12->gradio) (8.1.8)
Requirement already satisfied: shellingham>=1.3.0 in /usr/local/lib/python3.11/dist-packages (from typer<1.0,>=0.12->gradio) (1.5.4)
Requirement already satisfied: rich>=10.11.0 in /usr/local/lib/python3.11/dist-packages (from typer<1.0,>=0.12->gradio) (13.9.4)
Requirement already satisfied: six>=1.5 in /usr/local/lib/python3.11/dist-packages (from python-dateutil>=2.8.2->pandas<3.0,>=1.0->gradio) (1.17.0)
Requirement already satisfied: markdown-it-py>=2.2.0 in /usr/local/lib/python3.11/dist-packages (from rich>=10.11.0->typer<1.0,>=0.12->gradio) (3.0.0)
Requirement already satisfied: pygments<3.0.0,>=2.13.0 in /usr/local/lib/python3.11/dist-packages (from rich>=10.11.0->typer<1.0,>=0.12->gradio) (2.19.1)
Requirement already satisfied: charset-normalizer<4,>=2 in /usr/local/lib/python3.11/dist-packages (from requests->huggingface-hub>=0.28.1->gradio) (3.4.1)
Requirement already satisfied: urllib3<3,>=1.21.1 in /usr/local/lib/python3.11/dist-packages (from requests->huggingface-hub>=0.28.1->gradio) (2.4.0)
Requirement already satisfied: mdurl~=0.1 in /usr/local/lib/python3.11/dist-packages (from markdown-it-py>=2.2.0->rich>=10.11.0->typer<1.0,>=0.12->gradio) (0.1.2)
Downloading gradio-5.29.0-py3-none-any.whl (54.1 MB)
[2K   [90mâ”â”â”â”â”â”â”â”â”â”â”â”â”â”â”â”â”â”â”â”â”â”â”â”â”â”â”â”â”â”â”â”â”â”â”â”â”â”â”â”[0m [32m54.1/54.1 MB[0m [31m19.2 MB/s[0m eta [36m0:00:00[0m:00:01[0m00:01[0m
[?25hDownloading gradio_client-1.10.0-py3-none-any.whl (322 kB)
[2K   [90mâ”â”â”â”â”â”â”â”â”â”â”â”â”â”â”â”â”â”â”â”â”â”â”â”â”â”â”â”â”â”â”â”â”â”â”â”â”â”â”â”[0m [32m322.9/322.9 kB[0m [31m30.3 MB/s[0m eta [36m0:00:00[0m
[?25hDownloading aiofiles-24.1.0-py3-none-any.whl (15 kB)
Downloading fastapi-0.115.12-py3-none-any.whl (95 kB)
[2K   [90mâ”â”â”â”â”â”â”â”â”â”â”â”â”â”â”â”â”â”â”â”â”â”â”â”â”â”â”â”â”â”â”â”â”â”â”â”â”â”â”â”[0m [32m95.2/95.2 kB[0m [31m11.1 MB/s[0m eta [36m0:00:00[0m
[?25hDownloading groovy-0.1.2-py3-none-any.whl (14 kB)
Downloading python_multipart-0.0.20-py3-none-any.whl (24 kB)
Downloading ruff-0.11.9-py3-none-manylinux_2_17_x86_64.manylinux2014_x86_64.whl (11.5 MB)
[2K   [90mâ”â”â”â”â”â”â”â”â”â”â”â”â”â”â”â”â”â”â”â”â”â”â”â”â”â”â”â”â”â”â”â”â”â”â”â”â”â”â”â”[0m [32m11.5/11.5 MB[0m [31m132.5 MB/s[0m eta [36m0:00:00[0m00:01[0m0:01[0m
[?25hDownloading safehttpx-0.1.6-py3-none-any.whl (8.7 kB)
Downloading semantic_version-2.10.0-py2.py3-none-any.whl (15 kB)
Downloading starlette-0.46.2-py3-none-any.whl (72 kB)
[2K   [90mâ”â”â”â”â”â”â”â”â”â”â”â”â”â”â”â”â”â”â”â”â”â”â”â”â”â”â”â”â”â”â”â”â”â”â”â”â”â”â”â”[0m [32m72.0/72.0 kB[0m [31m7.7 MB/s[0m eta [36m0:00:00[0m
[?25hDownloading tomlkit-0.13.2-py3-none-any.whl (37 kB)
Downloading uvicorn-0.34.2-py3-none-any.whl (62 kB)
[2K   [90mâ”â”â”â”â”â”â”â”â”â”â”â”â”â”â”â”â”â”â”â”â”â”â”â”â”â”â”â”â”â”â”â”â”â”â”â”â”â”â”â”[0m [32m62.5/62.5 kB[0m [31m6.3 MB/s[0m eta [36m0:00:00[0m
[?25hDownloading ffmpy-0.5.0-py3-none-any.whl (6.0 kB)
Downloading pydub-0.25.1-py2.py3-none-any.whl (32 kB)
Installing collected packages: pydub, uvicorn, tomlkit, semantic-version, ruff, python-multipart, groovy, ffmpy, aiofiles, starlette, safehttpx, gradio-client, fastapi, gradio
Successfully installed aiofiles-24.1.0 fastapi-0.115.12 ffmpy-0.5.0 gradio-5.29.0 gradio-client-1.10.0 groovy-0.1.2 pydub-0.25.1 python-multipart-0.0.20 ruff-0.11.9 safehttpx-0.1.6 semantic-version-2.10.0 starlette-0.46.2 tomlkit-0.13.2 uvicorn-0.34.2
Colab notebook detected. To show errors in colab notebook, set debug=True in launch()
* Running on public URL: https://7b2a7208178b896b6c.gradio.live

This share link expires in 1 week. For free permanent hosting and GPU upgrades, run `gradio deploy` from the terminal in the working directory to deploy to Hugging Face Spaces (https://huggingface.co/spaces)
